Terminaux inutilisés dans la grammaire

   O_BRACK
   C_BRACK


État 141 conflits: 1 décalage/réduction
État 176 conflits: 1 décalage/réduction


Grammaire

    0 $accept: Programme $end

    1 Programme: Class

    2 Class: ClassPrototype O_ACCOL Declarations Main C_ACCOL

    3 ClassPrototype: ACCESS CLASS ID ClassInheritance
    4               | CLASS ID ClassInheritance

    5 ClassInheritance: EXTENDS ID
    6                 | %empty

    7 Declarations: ACCESS STATIC TYPE ID Declaration Declarations
    8             | ACCESS STATIC VOID ID O_PAREN PrototypeParameters C_PAREN O_ACCOL Instructions C_ACCOL Declarations
    9             | STATIC TYPE ID Declaration Declarations
   10             | STATIC VOID ID O_PAREN PrototypeParameters C_PAREN O_ACCOL Instructions C_ACCOL Declarations
   11             | TYPE ID Declaration Declarations
   12             | VOID ID O_PAREN PrototypeParameters C_PAREN O_ACCOL Instructions C_ACCOL Declarations
   13             | ACCESS TYPE ID Declaration Declarations
   14             | ACCESS VOID ID O_PAREN PrototypeParameters C_PAREN O_ACCOL Instructions C_ACCOL Declarations
   15             | %empty

   16 Declaration: O_PAREN PrototypeParameters C_PAREN O_ACCOL Instructions RETURN Calcul S_COLON C_ACCOL
   17            | VariableDeclarations

   18 VariableDeclarations: COMA ID VariableDeclarations
   19                     | S_COLON

   20 PrototypeParameters: TYPE ID MultiplePrototypeParameters
   21                    | %empty

   22 MultiplePrototypeParameters: COMA TYPE ID MultiplePrototypeParameters
   23                            | %empty

   24 Instructions: IF O_PAREN Comparison C_PAREN O_ACCOL Instructions C_ACCOL Else
   25             | Calcul S_COLON Instructions
   26             | Binding S_COLON Instructions
   27             | WHILE O_PAREN Comparison O_PAREN O_ACCOL Instructions C_ACCOL Instructions
   28             | DO O_ACCOL Instructions C_ACCOL WHILE O_PAREN Comparison C_PAREN S_COLON Instructions
   29             | FOR O_PAREN Binding S_COLON Comparison S_COLON IncrementeDecremente C_PAREN O_ACCOL Instructions C_ACCOL Instructions
   30             | SOP O_PAREN Printable C_PAREN S_COLON Instructions
   31             | ID O_PAREN Parameters C_PAREN
   32             | %empty

   33 Else: ELSE IF O_PAREN Comparison C_PAREN O_ACCOL Instructions C_ACCOL Else
   34     | ELSE O_ACCOL Instructions C_ACCOL
   35     | %empty

   36 Calcul: NUMBER PLUS Calcul
   37       | NUMBER MINUS Calcul
   38       | NUMBER TIMES Calcul
   39       | NUMBER DIV Calcul
   40       | ID PLUS Calcul
   41       | ID MINUS Calcul
   42       | ID TIMES Calcul
   43       | ID DIV Calcul
   44       | NUMBER
   45       | ID

   46 IncrementeDecremente: ID PLUS PLUS
   47                     | ID MINUS MINUS
   48                     | ID PLUS EQUAL Calcul
   49                     | ID MINUS EQUAL Calcul
   50                     | ID TIMES EQUAL Calcul
   51                     | ID DIV EQUAL Calcul

   52 Binding: ID EQUAL Binding
   53        | ID EQUAL Calcul

   54 Printable: STRING
   55          | STRING PLUS Printable
   56          | ID
   57          | ID PLUS Printable

   58 Comparison: Statement AND Comparison
   59           | Statement OR Comparison
   60           | Statement COMP_OPS Statement
   61           | Statement

   62 Statement: BOOL_VALS
   63          | Calcul
   64          | NOT Statement

   65 Parameters: ID Parameters MultipleParameters
   66           | %empty

   67 MultipleParameters: COMA ID MultipleParameters
   68                   | %empty

   69 Main: MAIN_PROTOTYPE O_ACCOL Declarations Instructions C_ACCOL


Terminaux, suivis des règles où ils apparaissent

$end (0) 0
error (256)
NUMBER (258) 36 37 38 39 44
PLUS (259) 36 40 46 48 55 57
MINUS (260) 37 41 47 49
TIMES (261) 38 42 50
DIV (262) 39 43 51
COMP_OPS (263) 60
TYPE (264) 7 9 11 13 20 22
ID (265) 3 4 5 7 8 9 10 11 12 13 14 18 20 22 31 40 41 42 43 45 46 47
    48 49 50 51 52 53 56 57 65 67
VOID (266) 8 10 12 14
STRING (267) 54 55
BOOL_VALS (268) 62
ACCESS (269) 3 7 8 13 14
EXTENDS (270) 5
MAIN_PROTOTYPE (271) 69
SOP (272) 30
O_PAREN (273) 8 10 12 14 16 24 27 28 29 30 31 33
C_PAREN (274) 8 10 12 14 16 24 28 29 30 31 33
O_ACCOL (275) 2 8 10 12 14 16 24 27 28 29 33 34 69
C_ACCOL (276) 2 8 10 12 14 16 24 27 28 29 33 34 69
O_BRACK (277)
C_BRACK (278)
S_COLON (279) 16 19 25 26 28 29 30
COMA (280) 18 22 67
NOT (281) 64
EQUAL (282) 48 49 50 51 52 53
CLASS (283) 3 4
STATIC (284) 7 8 9 10
RETURN (285) 16
AND (286) 58
OR (287) 59
DO (288) 28
FOR (289) 29
WHILE (290) 27 28
IF (291) 24 33
ELSE (292) 33 34


Non-terminaux, suivis des règles où ils apparaissent

$accept (38)
    à gauche: 0
Programme (39)
    à gauche: 1, à droite: 0
Class (40)
    à gauche: 2, à droite: 1
ClassPrototype (41)
    à gauche: 3 4, à droite: 2
ClassInheritance (42)
    à gauche: 5 6, à droite: 3 4
Declarations (43)
    à gauche: 7 8 9 10 11 12 13 14 15, à droite: 2 7 8 9 10 11 12
    13 14 69
Declaration (44)
    à gauche: 16 17, à droite: 7 9 11 13
VariableDeclarations (45)
    à gauche: 18 19, à droite: 17 18
PrototypeParameters (46)
    à gauche: 20 21, à droite: 8 10 12 14 16
MultiplePrototypeParameters (47)
    à gauche: 22 23, à droite: 20 22
Instructions (48)
    à gauche: 24 25 26 27 28 29 30 31 32, à droite: 8 10 12 14 16
    24 25 26 27 28 29 30 33 34 69
Else (49)
    à gauche: 33 34 35, à droite: 24 33
Calcul (50)
    à gauche: 36 37 38 39 40 41 42 43 44 45, à droite: 16 25 36 37
    38 39 40 41 42 43 48 49 50 51 53 63
IncrementeDecremente (51)
    à gauche: 46 47 48 49 50 51, à droite: 29
Binding (52)
    à gauche: 52 53, à droite: 26 29 52
Printable (53)
    à gauche: 54 55 56 57, à droite: 30 55 57
Comparison (54)
    à gauche: 58 59 60 61, à droite: 24 27 28 29 33 58 59
Statement (55)
    à gauche: 62 63 64, à droite: 58 59 60 61 64
Parameters (56)
    à gauche: 65 66, à droite: 31 65
MultipleParameters (57)
    à gauche: 67 68, à droite: 65 67
Main (58)
    à gauche: 69, à droite: 2


État 0

    0 $accept: . Programme $end

    ACCESS  décalage et aller à l'état 1
    CLASS   décalage et aller à l'état 2

    Programme       aller à l'état 3
    Class           aller à l'état 4
    ClassPrototype  aller à l'état 5


État 1

    3 ClassPrototype: ACCESS . CLASS ID ClassInheritance

    CLASS  décalage et aller à l'état 6


État 2

    4 ClassPrototype: CLASS . ID ClassInheritance

    ID  décalage et aller à l'état 7


État 3

    0 $accept: Programme . $end

    $end  décalage et aller à l'état 8


État 4

    1 Programme: Class .

    $défaut  réduction par utilisation de la règle 1 (Programme)


État 5

    2 Class: ClassPrototype . O_ACCOL Declarations Main C_ACCOL

    O_ACCOL  décalage et aller à l'état 9


État 6

    3 ClassPrototype: ACCESS CLASS . ID ClassInheritance

    ID  décalage et aller à l'état 10


État 7

    4 ClassPrototype: CLASS ID . ClassInheritance

    EXTENDS  décalage et aller à l'état 11

    $défaut  réduction par utilisation de la règle 6 (ClassInheritance)

    ClassInheritance  aller à l'état 12


État 8

    0 $accept: Programme $end .

    $défaut  accepter


État 9

    2 Class: ClassPrototype O_ACCOL . Declarations Main C_ACCOL

    TYPE    décalage et aller à l'état 13
    VOID    décalage et aller à l'état 14
    ACCESS  décalage et aller à l'état 15
    STATIC  décalage et aller à l'état 16

    $défaut  réduction par utilisation de la règle 15 (Declarations)

    Declarations  aller à l'état 17


État 10

    3 ClassPrototype: ACCESS CLASS ID . ClassInheritance

    EXTENDS  décalage et aller à l'état 11

    $défaut  réduction par utilisation de la règle 6 (ClassInheritance)

    ClassInheritance  aller à l'état 18


État 11

    5 ClassInheritance: EXTENDS . ID

    ID  décalage et aller à l'état 19


État 12

    4 ClassPrototype: CLASS ID ClassInheritance .

    $défaut  réduction par utilisation de la règle 4 (ClassPrototype)


État 13

   11 Declarations: TYPE . ID Declaration Declarations

    ID  décalage et aller à l'état 20


État 14

   12 Declarations: VOID . ID O_PAREN PrototypeParameters C_PAREN O_ACCOL Instructions C_ACCOL Declarations

    ID  décalage et aller à l'état 21


État 15

    7 Declarations: ACCESS . STATIC TYPE ID Declaration Declarations
    8             | ACCESS . STATIC VOID ID O_PAREN PrototypeParameters C_PAREN O_ACCOL Instructions C_ACCOL Declarations
   13             | ACCESS . TYPE ID Declaration Declarations
   14             | ACCESS . VOID ID O_PAREN PrototypeParameters C_PAREN O_ACCOL Instructions C_ACCOL Declarations

    TYPE    décalage et aller à l'état 22
    VOID    décalage et aller à l'état 23
    STATIC  décalage et aller à l'état 24


État 16

    9 Declarations: STATIC . TYPE ID Declaration Declarations
   10             | STATIC . VOID ID O_PAREN PrototypeParameters C_PAREN O_ACCOL Instructions C_ACCOL Declarations

    TYPE  décalage et aller à l'état 25
    VOID  décalage et aller à l'état 26


État 17

    2 Class: ClassPrototype O_ACCOL Declarations . Main C_ACCOL

    MAIN_PROTOTYPE  décalage et aller à l'état 27

    Main  aller à l'état 28


État 18

    3 ClassPrototype: ACCESS CLASS ID ClassInheritance .

    $défaut  réduction par utilisation de la règle 3 (ClassPrototype)


État 19

    5 ClassInheritance: EXTENDS ID .

    $défaut  réduction par utilisation de la règle 5 (ClassInheritance)


État 20

   11 Declarations: TYPE ID . Declaration Declarations

    O_PAREN  décalage et aller à l'état 29
    S_COLON  décalage et aller à l'état 30
    COMA     décalage et aller à l'état 31

    Declaration           aller à l'état 32
    VariableDeclarations  aller à l'état 33


État 21

   12 Declarations: VOID ID . O_PAREN PrototypeParameters C_PAREN O_ACCOL Instructions C_ACCOL Declarations

    O_PAREN  décalage et aller à l'état 34


État 22

   13 Declarations: ACCESS TYPE . ID Declaration Declarations

    ID  décalage et aller à l'état 35


État 23

   14 Declarations: ACCESS VOID . ID O_PAREN PrototypeParameters C_PAREN O_ACCOL Instructions C_ACCOL Declarations

    ID  décalage et aller à l'état 36


État 24

    7 Declarations: ACCESS STATIC . TYPE ID Declaration Declarations
    8             | ACCESS STATIC . VOID ID O_PAREN PrototypeParameters C_PAREN O_ACCOL Instructions C_ACCOL Declarations

    TYPE  décalage et aller à l'état 37
    VOID  décalage et aller à l'état 38


État 25

    9 Declarations: STATIC TYPE . ID Declaration Declarations

    ID  décalage et aller à l'état 39


État 26

   10 Declarations: STATIC VOID . ID O_PAREN PrototypeParameters C_PAREN O_ACCOL Instructions C_ACCOL Declarations

    ID  décalage et aller à l'état 40


État 27

   69 Main: MAIN_PROTOTYPE . O_ACCOL Declarations Instructions C_ACCOL

    O_ACCOL  décalage et aller à l'état 41


État 28

    2 Class: ClassPrototype O_ACCOL Declarations Main . C_ACCOL

    C_ACCOL  décalage et aller à l'état 42


État 29

   16 Declaration: O_PAREN . PrototypeParameters C_PAREN O_ACCOL Instructions RETURN Calcul S_COLON C_ACCOL

    TYPE  décalage et aller à l'état 43

    $défaut  réduction par utilisation de la règle 21 (PrototypeParameters)

    PrototypeParameters  aller à l'état 44


État 30

   19 VariableDeclarations: S_COLON .

    $défaut  réduction par utilisation de la règle 19 (VariableDeclarations)


État 31

   18 VariableDeclarations: COMA . ID VariableDeclarations

    ID  décalage et aller à l'état 45


État 32

   11 Declarations: TYPE ID Declaration . Declarations

    TYPE    décalage et aller à l'état 13
    VOID    décalage et aller à l'état 14
    ACCESS  décalage et aller à l'état 15
    STATIC  décalage et aller à l'état 16

    $défaut  réduction par utilisation de la règle 15 (Declarations)

    Declarations  aller à l'état 46


État 33

   17 Declaration: VariableDeclarations .

    $défaut  réduction par utilisation de la règle 17 (Declaration)


État 34

   12 Declarations: VOID ID O_PAREN . PrototypeParameters C_PAREN O_ACCOL Instructions C_ACCOL Declarations

    TYPE  décalage et aller à l'état 43

    $défaut  réduction par utilisation de la règle 21 (PrototypeParameters)

    PrototypeParameters  aller à l'état 47


État 35

   13 Declarations: ACCESS TYPE ID . Declaration Declarations

    O_PAREN  décalage et aller à l'état 29
    S_COLON  décalage et aller à l'état 30
    COMA     décalage et aller à l'état 31

    Declaration           aller à l'état 48
    VariableDeclarations  aller à l'état 33


État 36

   14 Declarations: ACCESS VOID ID . O_PAREN PrototypeParameters C_PAREN O_ACCOL Instructions C_ACCOL Declarations

    O_PAREN  décalage et aller à l'état 49


État 37

    7 Declarations: ACCESS STATIC TYPE . ID Declaration Declarations

    ID  décalage et aller à l'état 50


État 38

    8 Declarations: ACCESS STATIC VOID . ID O_PAREN PrototypeParameters C_PAREN O_ACCOL Instructions C_ACCOL Declarations

    ID  décalage et aller à l'état 51


État 39

    9 Declarations: STATIC TYPE ID . Declaration Declarations

    O_PAREN  décalage et aller à l'état 29
    S_COLON  décalage et aller à l'état 30
    COMA     décalage et aller à l'état 31

    Declaration           aller à l'état 52
    VariableDeclarations  aller à l'état 33


État 40

   10 Declarations: STATIC VOID ID . O_PAREN PrototypeParameters C_PAREN O_ACCOL Instructions C_ACCOL Declarations

    O_PAREN  décalage et aller à l'état 53


État 41

   69 Main: MAIN_PROTOTYPE O_ACCOL . Declarations Instructions C_ACCOL

    TYPE    décalage et aller à l'état 13
    VOID    décalage et aller à l'état 14
    ACCESS  décalage et aller à l'état 15
    STATIC  décalage et aller à l'état 16

    $défaut  réduction par utilisation de la règle 15 (Declarations)

    Declarations  aller à l'état 54


État 42

    2 Class: ClassPrototype O_ACCOL Declarations Main C_ACCOL .

    $défaut  réduction par utilisation de la règle 2 (Class)


État 43

   20 PrototypeParameters: TYPE . ID MultiplePrototypeParameters

    ID  décalage et aller à l'état 55


État 44

   16 Declaration: O_PAREN PrototypeParameters . C_PAREN O_ACCOL Instructions RETURN Calcul S_COLON C_ACCOL

    C_PAREN  décalage et aller à l'état 56


État 45

   18 VariableDeclarations: COMA ID . VariableDeclarations

    S_COLON  décalage et aller à l'état 30
    COMA     décalage et aller à l'état 31

    VariableDeclarations  aller à l'état 57


État 46

   11 Declarations: TYPE ID Declaration Declarations .

    $défaut  réduction par utilisation de la règle 11 (Declarations)


État 47

   12 Declarations: VOID ID O_PAREN PrototypeParameters . C_PAREN O_ACCOL Instructions C_ACCOL Declarations

    C_PAREN  décalage et aller à l'état 58


État 48

   13 Declarations: ACCESS TYPE ID Declaration . Declarations

    TYPE    décalage et aller à l'état 13
    VOID    décalage et aller à l'état 14
    ACCESS  décalage et aller à l'état 15
    STATIC  décalage et aller à l'état 16

    $défaut  réduction par utilisation de la règle 15 (Declarations)

    Declarations  aller à l'état 59


État 49

   14 Declarations: ACCESS VOID ID O_PAREN . PrototypeParameters C_PAREN O_ACCOL Instructions C_ACCOL Declarations

    TYPE  décalage et aller à l'état 43

    $défaut  réduction par utilisation de la règle 21 (PrototypeParameters)

    PrototypeParameters  aller à l'état 60


État 50

    7 Declarations: ACCESS STATIC TYPE ID . Declaration Declarations

    O_PAREN  décalage et aller à l'état 29
    S_COLON  décalage et aller à l'état 30
    COMA     décalage et aller à l'état 31

    Declaration           aller à l'état 61
    VariableDeclarations  aller à l'état 33


État 51

    8 Declarations: ACCESS STATIC VOID ID . O_PAREN PrototypeParameters C_PAREN O_ACCOL Instructions C_ACCOL Declarations

    O_PAREN  décalage et aller à l'état 62


État 52

    9 Declarations: STATIC TYPE ID Declaration . Declarations

    TYPE    décalage et aller à l'état 13
    VOID    décalage et aller à l'état 14
    ACCESS  décalage et aller à l'état 15
    STATIC  décalage et aller à l'état 16

    $défaut  réduction par utilisation de la règle 15 (Declarations)

    Declarations  aller à l'état 63


État 53

   10 Declarations: STATIC VOID ID O_PAREN . PrototypeParameters C_PAREN O_ACCOL Instructions C_ACCOL Declarations

    TYPE  décalage et aller à l'état 43

    $défaut  réduction par utilisation de la règle 21 (PrototypeParameters)

    PrototypeParameters  aller à l'état 64


État 54

   69 Main: MAIN_PROTOTYPE O_ACCOL Declarations . Instructions C_ACCOL

    NUMBER  décalage et aller à l'état 65
    ID      décalage et aller à l'état 66
    SOP     décalage et aller à l'état 67
    DO      décalage et aller à l'état 68
    FOR     décalage et aller à l'état 69
    WHILE   décalage et aller à l'état 70
    IF      décalage et aller à l'état 71

    $défaut  réduction par utilisation de la règle 32 (Instructions)

    Instructions  aller à l'état 72
    Calcul        aller à l'état 73
    Binding       aller à l'état 74


État 55

   20 PrototypeParameters: TYPE ID . MultiplePrototypeParameters

    COMA  décalage et aller à l'état 75

    $défaut  réduction par utilisation de la règle 23 (MultiplePrototypeParameters)

    MultiplePrototypeParameters  aller à l'état 76


État 56

   16 Declaration: O_PAREN PrototypeParameters C_PAREN . O_ACCOL Instructions RETURN Calcul S_COLON C_ACCOL

    O_ACCOL  décalage et aller à l'état 77


État 57

   18 VariableDeclarations: COMA ID VariableDeclarations .

    $défaut  réduction par utilisation de la règle 18 (VariableDeclarations)


État 58

   12 Declarations: VOID ID O_PAREN PrototypeParameters C_PAREN . O_ACCOL Instructions C_ACCOL Declarations

    O_ACCOL  décalage et aller à l'état 78


État 59

   13 Declarations: ACCESS TYPE ID Declaration Declarations .

    $défaut  réduction par utilisation de la règle 13 (Declarations)


État 60

   14 Declarations: ACCESS VOID ID O_PAREN PrototypeParameters . C_PAREN O_ACCOL Instructions C_ACCOL Declarations

    C_PAREN  décalage et aller à l'état 79


État 61

    7 Declarations: ACCESS STATIC TYPE ID Declaration . Declarations

    TYPE    décalage et aller à l'état 13
    VOID    décalage et aller à l'état 14
    ACCESS  décalage et aller à l'état 15
    STATIC  décalage et aller à l'état 16

    $défaut  réduction par utilisation de la règle 15 (Declarations)

    Declarations  aller à l'état 80


État 62

    8 Declarations: ACCESS STATIC VOID ID O_PAREN . PrototypeParameters C_PAREN O_ACCOL Instructions C_ACCOL Declarations

    TYPE  décalage et aller à l'état 43

    $défaut  réduction par utilisation de la règle 21 (PrototypeParameters)

    PrototypeParameters  aller à l'état 81


État 63

    9 Declarations: STATIC TYPE ID Declaration Declarations .

    $défaut  réduction par utilisation de la règle 9 (Declarations)


État 64

   10 Declarations: STATIC VOID ID O_PAREN PrototypeParameters . C_PAREN O_ACCOL Instructions C_ACCOL Declarations

    C_PAREN  décalage et aller à l'état 82


État 65

   36 Calcul: NUMBER . PLUS Calcul
   37       | NUMBER . MINUS Calcul
   38       | NUMBER . TIMES Calcul
   39       | NUMBER . DIV Calcul
   44       | NUMBER .

    PLUS   décalage et aller à l'état 83
    MINUS  décalage et aller à l'état 84
    TIMES  décalage et aller à l'état 85
    DIV    décalage et aller à l'état 86

    $défaut  réduction par utilisation de la règle 44 (Calcul)


État 66

   31 Instructions: ID . O_PAREN Parameters C_PAREN
   40 Calcul: ID . PLUS Calcul
   41       | ID . MINUS Calcul
   42       | ID . TIMES Calcul
   43       | ID . DIV Calcul
   45       | ID .
   52 Binding: ID . EQUAL Binding
   53        | ID . EQUAL Calcul

    PLUS     décalage et aller à l'état 87
    MINUS    décalage et aller à l'état 88
    TIMES    décalage et aller à l'état 89
    DIV      décalage et aller à l'état 90
    O_PAREN  décalage et aller à l'état 91
    EQUAL    décalage et aller à l'état 92

    $défaut  réduction par utilisation de la règle 45 (Calcul)


État 67

   30 Instructions: SOP . O_PAREN Printable C_PAREN S_COLON Instructions

    O_PAREN  décalage et aller à l'état 93


État 68

   28 Instructions: DO . O_ACCOL Instructions C_ACCOL WHILE O_PAREN Comparison C_PAREN S_COLON Instructions

    O_ACCOL  décalage et aller à l'état 94


État 69

   29 Instructions: FOR . O_PAREN Binding S_COLON Comparison S_COLON IncrementeDecremente C_PAREN O_ACCOL Instructions C_ACCOL Instructions

    O_PAREN  décalage et aller à l'état 95


État 70

   27 Instructions: WHILE . O_PAREN Comparison O_PAREN O_ACCOL Instructions C_ACCOL Instructions

    O_PAREN  décalage et aller à l'état 96


État 71

   24 Instructions: IF . O_PAREN Comparison C_PAREN O_ACCOL Instructions C_ACCOL Else

    O_PAREN  décalage et aller à l'état 97


État 72

   69 Main: MAIN_PROTOTYPE O_ACCOL Declarations Instructions . C_ACCOL

    C_ACCOL  décalage et aller à l'état 98


État 73

   25 Instructions: Calcul . S_COLON Instructions

    S_COLON  décalage et aller à l'état 99


État 74

   26 Instructions: Binding . S_COLON Instructions

    S_COLON  décalage et aller à l'état 100


État 75

   22 MultiplePrototypeParameters: COMA . TYPE ID MultiplePrototypeParameters

    TYPE  décalage et aller à l'état 101


État 76

   20 PrototypeParameters: TYPE ID MultiplePrototypeParameters .

    $défaut  réduction par utilisation de la règle 20 (PrototypeParameters)


État 77

   16 Declaration: O_PAREN PrototypeParameters C_PAREN O_ACCOL . Instructions RETURN Calcul S_COLON C_ACCOL

    NUMBER  décalage et aller à l'état 65
    ID      décalage et aller à l'état 66
    SOP     décalage et aller à l'état 67
    DO      décalage et aller à l'état 68
    FOR     décalage et aller à l'état 69
    WHILE   décalage et aller à l'état 70
    IF      décalage et aller à l'état 71

    $défaut  réduction par utilisation de la règle 32 (Instructions)

    Instructions  aller à l'état 102
    Calcul        aller à l'état 73
    Binding       aller à l'état 74


État 78

   12 Declarations: VOID ID O_PAREN PrototypeParameters C_PAREN O_ACCOL . Instructions C_ACCOL Declarations

    NUMBER  décalage et aller à l'état 65
    ID      décalage et aller à l'état 66
    SOP     décalage et aller à l'état 67
    DO      décalage et aller à l'état 68
    FOR     décalage et aller à l'état 69
    WHILE   décalage et aller à l'état 70
    IF      décalage et aller à l'état 71

    $défaut  réduction par utilisation de la règle 32 (Instructions)

    Instructions  aller à l'état 103
    Calcul        aller à l'état 73
    Binding       aller à l'état 74


État 79

   14 Declarations: ACCESS VOID ID O_PAREN PrototypeParameters C_PAREN . O_ACCOL Instructions C_ACCOL Declarations

    O_ACCOL  décalage et aller à l'état 104


État 80

    7 Declarations: ACCESS STATIC TYPE ID Declaration Declarations .

    $défaut  réduction par utilisation de la règle 7 (Declarations)


État 81

    8 Declarations: ACCESS STATIC VOID ID O_PAREN PrototypeParameters . C_PAREN O_ACCOL Instructions C_ACCOL Declarations

    C_PAREN  décalage et aller à l'état 105


État 82

   10 Declarations: STATIC VOID ID O_PAREN PrototypeParameters C_PAREN . O_ACCOL Instructions C_ACCOL Declarations

    O_ACCOL  décalage et aller à l'état 106


État 83

   36 Calcul: NUMBER PLUS . Calcul

    NUMBER  décalage et aller à l'état 65
    ID      décalage et aller à l'état 107

    Calcul  aller à l'état 108


État 84

   37 Calcul: NUMBER MINUS . Calcul

    NUMBER  décalage et aller à l'état 65
    ID      décalage et aller à l'état 107

    Calcul  aller à l'état 109


État 85

   38 Calcul: NUMBER TIMES . Calcul

    NUMBER  décalage et aller à l'état 65
    ID      décalage et aller à l'état 107

    Calcul  aller à l'état 110


État 86

   39 Calcul: NUMBER DIV . Calcul

    NUMBER  décalage et aller à l'état 65
    ID      décalage et aller à l'état 107

    Calcul  aller à l'état 111


État 87

   40 Calcul: ID PLUS . Calcul

    NUMBER  décalage et aller à l'état 65
    ID      décalage et aller à l'état 107

    Calcul  aller à l'état 112


État 88

   41 Calcul: ID MINUS . Calcul

    NUMBER  décalage et aller à l'état 65
    ID      décalage et aller à l'état 107

    Calcul  aller à l'état 113


État 89

   42 Calcul: ID TIMES . Calcul

    NUMBER  décalage et aller à l'état 65
    ID      décalage et aller à l'état 107

    Calcul  aller à l'état 114


État 90

   43 Calcul: ID DIV . Calcul

    NUMBER  décalage et aller à l'état 65
    ID      décalage et aller à l'état 107

    Calcul  aller à l'état 115


État 91

   31 Instructions: ID O_PAREN . Parameters C_PAREN

    ID  décalage et aller à l'état 116

    $défaut  réduction par utilisation de la règle 66 (Parameters)

    Parameters  aller à l'état 117


État 92

   52 Binding: ID EQUAL . Binding
   53        | ID EQUAL . Calcul

    NUMBER  décalage et aller à l'état 65
    ID      décalage et aller à l'état 118

    Calcul   aller à l'état 119
    Binding  aller à l'état 120


État 93

   30 Instructions: SOP O_PAREN . Printable C_PAREN S_COLON Instructions

    ID      décalage et aller à l'état 121
    STRING  décalage et aller à l'état 122

    Printable  aller à l'état 123


État 94

   28 Instructions: DO O_ACCOL . Instructions C_ACCOL WHILE O_PAREN Comparison C_PAREN S_COLON Instructions

    NUMBER  décalage et aller à l'état 65
    ID      décalage et aller à l'état 66
    SOP     décalage et aller à l'état 67
    DO      décalage et aller à l'état 68
    FOR     décalage et aller à l'état 69
    WHILE   décalage et aller à l'état 70
    IF      décalage et aller à l'état 71

    $défaut  réduction par utilisation de la règle 32 (Instructions)

    Instructions  aller à l'état 124
    Calcul        aller à l'état 73
    Binding       aller à l'état 74


État 95

   29 Instructions: FOR O_PAREN . Binding S_COLON Comparison S_COLON IncrementeDecremente C_PAREN O_ACCOL Instructions C_ACCOL Instructions

    ID  décalage et aller à l'état 125

    Binding  aller à l'état 126


État 96

   27 Instructions: WHILE O_PAREN . Comparison O_PAREN O_ACCOL Instructions C_ACCOL Instructions

    NUMBER     décalage et aller à l'état 65
    ID         décalage et aller à l'état 107
    BOOL_VALS  décalage et aller à l'état 127
    NOT        décalage et aller à l'état 128

    Calcul      aller à l'état 129
    Comparison  aller à l'état 130
    Statement   aller à l'état 131


État 97

   24 Instructions: IF O_PAREN . Comparison C_PAREN O_ACCOL Instructions C_ACCOL Else

    NUMBER     décalage et aller à l'état 65
    ID         décalage et aller à l'état 107
    BOOL_VALS  décalage et aller à l'état 127
    NOT        décalage et aller à l'état 128

    Calcul      aller à l'état 129
    Comparison  aller à l'état 132
    Statement   aller à l'état 131


État 98

   69 Main: MAIN_PROTOTYPE O_ACCOL Declarations Instructions C_ACCOL .

    $défaut  réduction par utilisation de la règle 69 (Main)


État 99

   25 Instructions: Calcul S_COLON . Instructions

    NUMBER  décalage et aller à l'état 65
    ID      décalage et aller à l'état 66
    SOP     décalage et aller à l'état 67
    DO      décalage et aller à l'état 68
    FOR     décalage et aller à l'état 69
    WHILE   décalage et aller à l'état 70
    IF      décalage et aller à l'état 71

    $défaut  réduction par utilisation de la règle 32 (Instructions)

    Instructions  aller à l'état 133
    Calcul        aller à l'état 73
    Binding       aller à l'état 74


État 100

   26 Instructions: Binding S_COLON . Instructions

    NUMBER  décalage et aller à l'état 65
    ID      décalage et aller à l'état 66
    SOP     décalage et aller à l'état 67
    DO      décalage et aller à l'état 68
    FOR     décalage et aller à l'état 69
    WHILE   décalage et aller à l'état 70
    IF      décalage et aller à l'état 71

    $défaut  réduction par utilisation de la règle 32 (Instructions)

    Instructions  aller à l'état 134
    Calcul        aller à l'état 73
    Binding       aller à l'état 74


État 101

   22 MultiplePrototypeParameters: COMA TYPE . ID MultiplePrototypeParameters

    ID  décalage et aller à l'état 135


État 102

   16 Declaration: O_PAREN PrototypeParameters C_PAREN O_ACCOL Instructions . RETURN Calcul S_COLON C_ACCOL

    RETURN  décalage et aller à l'état 136


État 103

   12 Declarations: VOID ID O_PAREN PrototypeParameters C_PAREN O_ACCOL Instructions . C_ACCOL Declarations

    C_ACCOL  décalage et aller à l'état 137


État 104

   14 Declarations: ACCESS VOID ID O_PAREN PrototypeParameters C_PAREN O_ACCOL . Instructions C_ACCOL Declarations

    NUMBER  décalage et aller à l'état 65
    ID      décalage et aller à l'état 66
    SOP     décalage et aller à l'état 67
    DO      décalage et aller à l'état 68
    FOR     décalage et aller à l'état 69
    WHILE   décalage et aller à l'état 70
    IF      décalage et aller à l'état 71

    $défaut  réduction par utilisation de la règle 32 (Instructions)

    Instructions  aller à l'état 138
    Calcul        aller à l'état 73
    Binding       aller à l'état 74


État 105

    8 Declarations: ACCESS STATIC VOID ID O_PAREN PrototypeParameters C_PAREN . O_ACCOL Instructions C_ACCOL Declarations

    O_ACCOL  décalage et aller à l'état 139


État 106

   10 Declarations: STATIC VOID ID O_PAREN PrototypeParameters C_PAREN O_ACCOL . Instructions C_ACCOL Declarations

    NUMBER  décalage et aller à l'état 65
    ID      décalage et aller à l'état 66
    SOP     décalage et aller à l'état 67
    DO      décalage et aller à l'état 68
    FOR     décalage et aller à l'état 69
    WHILE   décalage et aller à l'état 70
    IF      décalage et aller à l'état 71

    $défaut  réduction par utilisation de la règle 32 (Instructions)

    Instructions  aller à l'état 140
    Calcul        aller à l'état 73
    Binding       aller à l'état 74


État 107

   40 Calcul: ID . PLUS Calcul
   41       | ID . MINUS Calcul
   42       | ID . TIMES Calcul
   43       | ID . DIV Calcul
   45       | ID .

    PLUS   décalage et aller à l'état 87
    MINUS  décalage et aller à l'état 88
    TIMES  décalage et aller à l'état 89
    DIV    décalage et aller à l'état 90

    $défaut  réduction par utilisation de la règle 45 (Calcul)


État 108

   36 Calcul: NUMBER PLUS Calcul .

    $défaut  réduction par utilisation de la règle 36 (Calcul)


État 109

   37 Calcul: NUMBER MINUS Calcul .

    $défaut  réduction par utilisation de la règle 37 (Calcul)


État 110

   38 Calcul: NUMBER TIMES Calcul .

    $défaut  réduction par utilisation de la règle 38 (Calcul)


État 111

   39 Calcul: NUMBER DIV Calcul .

    $défaut  réduction par utilisation de la règle 39 (Calcul)


État 112

   40 Calcul: ID PLUS Calcul .

    $défaut  réduction par utilisation de la règle 40 (Calcul)


État 113

   41 Calcul: ID MINUS Calcul .

    $défaut  réduction par utilisation de la règle 41 (Calcul)


État 114

   42 Calcul: ID TIMES Calcul .

    $défaut  réduction par utilisation de la règle 42 (Calcul)


État 115

   43 Calcul: ID DIV Calcul .

    $défaut  réduction par utilisation de la règle 43 (Calcul)


État 116

   65 Parameters: ID . Parameters MultipleParameters

    ID  décalage et aller à l'état 116

    $défaut  réduction par utilisation de la règle 66 (Parameters)

    Parameters  aller à l'état 141


État 117

   31 Instructions: ID O_PAREN Parameters . C_PAREN

    C_PAREN  décalage et aller à l'état 142


État 118

   40 Calcul: ID . PLUS Calcul
   41       | ID . MINUS Calcul
   42       | ID . TIMES Calcul
   43       | ID . DIV Calcul
   45       | ID .
   52 Binding: ID . EQUAL Binding
   53        | ID . EQUAL Calcul

    PLUS   décalage et aller à l'état 87
    MINUS  décalage et aller à l'état 88
    TIMES  décalage et aller à l'état 89
    DIV    décalage et aller à l'état 90
    EQUAL  décalage et aller à l'état 92

    $défaut  réduction par utilisation de la règle 45 (Calcul)


État 119

   53 Binding: ID EQUAL Calcul .

    $défaut  réduction par utilisation de la règle 53 (Binding)


État 120

   52 Binding: ID EQUAL Binding .

    $défaut  réduction par utilisation de la règle 52 (Binding)


État 121

   56 Printable: ID .
   57          | ID . PLUS Printable

    PLUS  décalage et aller à l'état 143

    $défaut  réduction par utilisation de la règle 56 (Printable)


État 122

   54 Printable: STRING .
   55          | STRING . PLUS Printable

    PLUS  décalage et aller à l'état 144

    $défaut  réduction par utilisation de la règle 54 (Printable)


État 123

   30 Instructions: SOP O_PAREN Printable . C_PAREN S_COLON Instructions

    C_PAREN  décalage et aller à l'état 145


État 124

   28 Instructions: DO O_ACCOL Instructions . C_ACCOL WHILE O_PAREN Comparison C_PAREN S_COLON Instructions

    C_ACCOL  décalage et aller à l'état 146


État 125

   52 Binding: ID . EQUAL Binding
   53        | ID . EQUAL Calcul

    EQUAL  décalage et aller à l'état 92


État 126

   29 Instructions: FOR O_PAREN Binding . S_COLON Comparison S_COLON IncrementeDecremente C_PAREN O_ACCOL Instructions C_ACCOL Instructions

    S_COLON  décalage et aller à l'état 147


État 127

   62 Statement: BOOL_VALS .

    $défaut  réduction par utilisation de la règle 62 (Statement)


État 128

   64 Statement: NOT . Statement

    NUMBER     décalage et aller à l'état 65
    ID         décalage et aller à l'état 107
    BOOL_VALS  décalage et aller à l'état 127
    NOT        décalage et aller à l'état 128

    Calcul     aller à l'état 129
    Statement  aller à l'état 148


État 129

   63 Statement: Calcul .

    $défaut  réduction par utilisation de la règle 63 (Statement)


État 130

   27 Instructions: WHILE O_PAREN Comparison . O_PAREN O_ACCOL Instructions C_ACCOL Instructions

    O_PAREN  décalage et aller à l'état 149


État 131

   58 Comparison: Statement . AND Comparison
   59           | Statement . OR Comparison
   60           | Statement . COMP_OPS Statement
   61           | Statement .

    COMP_OPS  décalage et aller à l'état 150
    AND       décalage et aller à l'état 151
    OR        décalage et aller à l'état 152

    $défaut  réduction par utilisation de la règle 61 (Comparison)


État 132

   24 Instructions: IF O_PAREN Comparison . C_PAREN O_ACCOL Instructions C_ACCOL Else

    C_PAREN  décalage et aller à l'état 153


État 133

   25 Instructions: Calcul S_COLON Instructions .

    $défaut  réduction par utilisation de la règle 25 (Instructions)


État 134

   26 Instructions: Binding S_COLON Instructions .

    $défaut  réduction par utilisation de la règle 26 (Instructions)


État 135

   22 MultiplePrototypeParameters: COMA TYPE ID . MultiplePrototypeParameters

    COMA  décalage et aller à l'état 75

    $défaut  réduction par utilisation de la règle 23 (MultiplePrototypeParameters)

    MultiplePrototypeParameters  aller à l'état 154


État 136

   16 Declaration: O_PAREN PrototypeParameters C_PAREN O_ACCOL Instructions RETURN . Calcul S_COLON C_ACCOL

    NUMBER  décalage et aller à l'état 65
    ID      décalage et aller à l'état 107

    Calcul  aller à l'état 155


État 137

   12 Declarations: VOID ID O_PAREN PrototypeParameters C_PAREN O_ACCOL Instructions C_ACCOL . Declarations

    TYPE    décalage et aller à l'état 13
    VOID    décalage et aller à l'état 14
    ACCESS  décalage et aller à l'état 15
    STATIC  décalage et aller à l'état 16

    $défaut  réduction par utilisation de la règle 15 (Declarations)

    Declarations  aller à l'état 156


État 138

   14 Declarations: ACCESS VOID ID O_PAREN PrototypeParameters C_PAREN O_ACCOL Instructions . C_ACCOL Declarations

    C_ACCOL  décalage et aller à l'état 157


État 139

    8 Declarations: ACCESS STATIC VOID ID O_PAREN PrototypeParameters C_PAREN O_ACCOL . Instructions C_ACCOL Declarations

    NUMBER  décalage et aller à l'état 65
    ID      décalage et aller à l'état 66
    SOP     décalage et aller à l'état 67
    DO      décalage et aller à l'état 68
    FOR     décalage et aller à l'état 69
    WHILE   décalage et aller à l'état 70
    IF      décalage et aller à l'état 71

    $défaut  réduction par utilisation de la règle 32 (Instructions)

    Instructions  aller à l'état 158
    Calcul        aller à l'état 73
    Binding       aller à l'état 74


État 140

   10 Declarations: STATIC VOID ID O_PAREN PrototypeParameters C_PAREN O_ACCOL Instructions . C_ACCOL Declarations

    C_ACCOL  décalage et aller à l'état 159


État 141

   65 Parameters: ID Parameters . MultipleParameters

    COMA  décalage et aller à l'état 160

    COMA      [réduction par utilisation de la règle 68 (MultipleParameters)]
    $défaut  réduction par utilisation de la règle 68 (MultipleParameters)

    MultipleParameters  aller à l'état 161


État 142

   31 Instructions: ID O_PAREN Parameters C_PAREN .

    $défaut  réduction par utilisation de la règle 31 (Instructions)


État 143

   57 Printable: ID PLUS . Printable

    ID      décalage et aller à l'état 121
    STRING  décalage et aller à l'état 122

    Printable  aller à l'état 162


État 144

   55 Printable: STRING PLUS . Printable

    ID      décalage et aller à l'état 121
    STRING  décalage et aller à l'état 122

    Printable  aller à l'état 163


État 145

   30 Instructions: SOP O_PAREN Printable C_PAREN . S_COLON Instructions

    S_COLON  décalage et aller à l'état 164


État 146

   28 Instructions: DO O_ACCOL Instructions C_ACCOL . WHILE O_PAREN Comparison C_PAREN S_COLON Instructions

    WHILE  décalage et aller à l'état 165


État 147

   29 Instructions: FOR O_PAREN Binding S_COLON . Comparison S_COLON IncrementeDecremente C_PAREN O_ACCOL Instructions C_ACCOL Instructions

    NUMBER     décalage et aller à l'état 65
    ID         décalage et aller à l'état 107
    BOOL_VALS  décalage et aller à l'état 127
    NOT        décalage et aller à l'état 128

    Calcul      aller à l'état 129
    Comparison  aller à l'état 166
    Statement   aller à l'état 131


État 148

   64 Statement: NOT Statement .

    $défaut  réduction par utilisation de la règle 64 (Statement)


État 149

   27 Instructions: WHILE O_PAREN Comparison O_PAREN . O_ACCOL Instructions C_ACCOL Instructions

    O_ACCOL  décalage et aller à l'état 167


État 150

   60 Comparison: Statement COMP_OPS . Statement

    NUMBER     décalage et aller à l'état 65
    ID         décalage et aller à l'état 107
    BOOL_VALS  décalage et aller à l'état 127
    NOT        décalage et aller à l'état 128

    Calcul     aller à l'état 129
    Statement  aller à l'état 168


État 151

   58 Comparison: Statement AND . Comparison

    NUMBER     décalage et aller à l'état 65
    ID         décalage et aller à l'état 107
    BOOL_VALS  décalage et aller à l'état 127
    NOT        décalage et aller à l'état 128

    Calcul      aller à l'état 129
    Comparison  aller à l'état 169
    Statement   aller à l'état 131


État 152

   59 Comparison: Statement OR . Comparison

    NUMBER     décalage et aller à l'état 65
    ID         décalage et aller à l'état 107
    BOOL_VALS  décalage et aller à l'état 127
    NOT        décalage et aller à l'état 128

    Calcul      aller à l'état 129
    Comparison  aller à l'état 170
    Statement   aller à l'état 131


État 153

   24 Instructions: IF O_PAREN Comparison C_PAREN . O_ACCOL Instructions C_ACCOL Else

    O_ACCOL  décalage et aller à l'état 171


État 154

   22 MultiplePrototypeParameters: COMA TYPE ID MultiplePrototypeParameters .

    $défaut  réduction par utilisation de la règle 22 (MultiplePrototypeParameters)


État 155

   16 Declaration: O_PAREN PrototypeParameters C_PAREN O_ACCOL Instructions RETURN Calcul . S_COLON C_ACCOL

    S_COLON  décalage et aller à l'état 172


État 156

   12 Declarations: VOID ID O_PAREN PrototypeParameters C_PAREN O_ACCOL Instructions C_ACCOL Declarations .

    $défaut  réduction par utilisation de la règle 12 (Declarations)


État 157

   14 Declarations: ACCESS VOID ID O_PAREN PrototypeParameters C_PAREN O_ACCOL Instructions C_ACCOL . Declarations

    TYPE    décalage et aller à l'état 13
    VOID    décalage et aller à l'état 14
    ACCESS  décalage et aller à l'état 15
    STATIC  décalage et aller à l'état 16

    $défaut  réduction par utilisation de la règle 15 (Declarations)

    Declarations  aller à l'état 173


État 158

    8 Declarations: ACCESS STATIC VOID ID O_PAREN PrototypeParameters C_PAREN O_ACCOL Instructions . C_ACCOL Declarations

    C_ACCOL  décalage et aller à l'état 174


État 159

   10 Declarations: STATIC VOID ID O_PAREN PrototypeParameters C_PAREN O_ACCOL Instructions C_ACCOL . Declarations

    TYPE    décalage et aller à l'état 13
    VOID    décalage et aller à l'état 14
    ACCESS  décalage et aller à l'état 15
    STATIC  décalage et aller à l'état 16

    $défaut  réduction par utilisation de la règle 15 (Declarations)

    Declarations  aller à l'état 175


État 160

   67 MultipleParameters: COMA . ID MultipleParameters

    ID  décalage et aller à l'état 176


État 161

   65 Parameters: ID Parameters MultipleParameters .

    $défaut  réduction par utilisation de la règle 65 (Parameters)


État 162

   57 Printable: ID PLUS Printable .

    $défaut  réduction par utilisation de la règle 57 (Printable)


État 163

   55 Printable: STRING PLUS Printable .

    $défaut  réduction par utilisation de la règle 55 (Printable)


État 164

   30 Instructions: SOP O_PAREN Printable C_PAREN S_COLON . Instructions

    NUMBER  décalage et aller à l'état 65
    ID      décalage et aller à l'état 66
    SOP     décalage et aller à l'état 67
    DO      décalage et aller à l'état 68
    FOR     décalage et aller à l'état 69
    WHILE   décalage et aller à l'état 70
    IF      décalage et aller à l'état 71

    $défaut  réduction par utilisation de la règle 32 (Instructions)

    Instructions  aller à l'état 177
    Calcul        aller à l'état 73
    Binding       aller à l'état 74


État 165

   28 Instructions: DO O_ACCOL Instructions C_ACCOL WHILE . O_PAREN Comparison C_PAREN S_COLON Instructions

    O_PAREN  décalage et aller à l'état 178


État 166

   29 Instructions: FOR O_PAREN Binding S_COLON Comparison . S_COLON IncrementeDecremente C_PAREN O_ACCOL Instructions C_ACCOL Instructions

    S_COLON  décalage et aller à l'état 179


État 167

   27 Instructions: WHILE O_PAREN Comparison O_PAREN O_ACCOL . Instructions C_ACCOL Instructions

    NUMBER  décalage et aller à l'état 65
    ID      décalage et aller à l'état 66
    SOP     décalage et aller à l'état 67
    DO      décalage et aller à l'état 68
    FOR     décalage et aller à l'état 69
    WHILE   décalage et aller à l'état 70
    IF      décalage et aller à l'état 71

    $défaut  réduction par utilisation de la règle 32 (Instructions)

    Instructions  aller à l'état 180
    Calcul        aller à l'état 73
    Binding       aller à l'état 74


État 168

   60 Comparison: Statement COMP_OPS Statement .

    $défaut  réduction par utilisation de la règle 60 (Comparison)


État 169

   58 Comparison: Statement AND Comparison .

    $défaut  réduction par utilisation de la règle 58 (Comparison)


État 170

   59 Comparison: Statement OR Comparison .

    $défaut  réduction par utilisation de la règle 59 (Comparison)


État 171

   24 Instructions: IF O_PAREN Comparison C_PAREN O_ACCOL . Instructions C_ACCOL Else

    NUMBER  décalage et aller à l'état 65
    ID      décalage et aller à l'état 66
    SOP     décalage et aller à l'état 67
    DO      décalage et aller à l'état 68
    FOR     décalage et aller à l'état 69
    WHILE   décalage et aller à l'état 70
    IF      décalage et aller à l'état 71

    $défaut  réduction par utilisation de la règle 32 (Instructions)

    Instructions  aller à l'état 181
    Calcul        aller à l'état 73
    Binding       aller à l'état 74


État 172

   16 Declaration: O_PAREN PrototypeParameters C_PAREN O_ACCOL Instructions RETURN Calcul S_COLON . C_ACCOL

    C_ACCOL  décalage et aller à l'état 182


État 173

   14 Declarations: ACCESS VOID ID O_PAREN PrototypeParameters C_PAREN O_ACCOL Instructions C_ACCOL Declarations .

    $défaut  réduction par utilisation de la règle 14 (Declarations)


État 174

    8 Declarations: ACCESS STATIC VOID ID O_PAREN PrototypeParameters C_PAREN O_ACCOL Instructions C_ACCOL . Declarations

    TYPE    décalage et aller à l'état 13
    VOID    décalage et aller à l'état 14
    ACCESS  décalage et aller à l'état 15
    STATIC  décalage et aller à l'état 16

    $défaut  réduction par utilisation de la règle 15 (Declarations)

    Declarations  aller à l'état 183


État 175

   10 Declarations: STATIC VOID ID O_PAREN PrototypeParameters C_PAREN O_ACCOL Instructions C_ACCOL Declarations .

    $défaut  réduction par utilisation de la règle 10 (Declarations)


État 176

   67 MultipleParameters: COMA ID . MultipleParameters

    COMA  décalage et aller à l'état 160

    COMA      [réduction par utilisation de la règle 68 (MultipleParameters)]
    $défaut  réduction par utilisation de la règle 68 (MultipleParameters)

    MultipleParameters  aller à l'état 184


État 177

   30 Instructions: SOP O_PAREN Printable C_PAREN S_COLON Instructions .

    $défaut  réduction par utilisation de la règle 30 (Instructions)


État 178

   28 Instructions: DO O_ACCOL Instructions C_ACCOL WHILE O_PAREN . Comparison C_PAREN S_COLON Instructions

    NUMBER     décalage et aller à l'état 65
    ID         décalage et aller à l'état 107
    BOOL_VALS  décalage et aller à l'état 127
    NOT        décalage et aller à l'état 128

    Calcul      aller à l'état 129
    Comparison  aller à l'état 185
    Statement   aller à l'état 131


État 179

   29 Instructions: FOR O_PAREN Binding S_COLON Comparison S_COLON . IncrementeDecremente C_PAREN O_ACCOL Instructions C_ACCOL Instructions

    ID  décalage et aller à l'état 186

    IncrementeDecremente  aller à l'état 187


État 180

   27 Instructions: WHILE O_PAREN Comparison O_PAREN O_ACCOL Instructions . C_ACCOL Instructions

    C_ACCOL  décalage et aller à l'état 188


État 181

   24 Instructions: IF O_PAREN Comparison C_PAREN O_ACCOL Instructions . C_ACCOL Else

    C_ACCOL  décalage et aller à l'état 189


État 182

   16 Declaration: O_PAREN PrototypeParameters C_PAREN O_ACCOL Instructions RETURN Calcul S_COLON C_ACCOL .

    $défaut  réduction par utilisation de la règle 16 (Declaration)


État 183

    8 Declarations: ACCESS STATIC VOID ID O_PAREN PrototypeParameters C_PAREN O_ACCOL Instructions C_ACCOL Declarations .

    $défaut  réduction par utilisation de la règle 8 (Declarations)


État 184

   67 MultipleParameters: COMA ID MultipleParameters .

    $défaut  réduction par utilisation de la règle 67 (MultipleParameters)


État 185

   28 Instructions: DO O_ACCOL Instructions C_ACCOL WHILE O_PAREN Comparison . C_PAREN S_COLON Instructions

    C_PAREN  décalage et aller à l'état 190


État 186

   46 IncrementeDecremente: ID . PLUS PLUS
   47                     | ID . MINUS MINUS
   48                     | ID . PLUS EQUAL Calcul
   49                     | ID . MINUS EQUAL Calcul
   50                     | ID . TIMES EQUAL Calcul
   51                     | ID . DIV EQUAL Calcul

    PLUS   décalage et aller à l'état 191
    MINUS  décalage et aller à l'état 192
    TIMES  décalage et aller à l'état 193
    DIV    décalage et aller à l'état 194


État 187

   29 Instructions: FOR O_PAREN Binding S_COLON Comparison S_COLON IncrementeDecremente . C_PAREN O_ACCOL Instructions C_ACCOL Instructions

    C_PAREN  décalage et aller à l'état 195


État 188

   27 Instructions: WHILE O_PAREN Comparison O_PAREN O_ACCOL Instructions C_ACCOL . Instructions

    NUMBER  décalage et aller à l'état 65
    ID      décalage et aller à l'état 66
    SOP     décalage et aller à l'état 67
    DO      décalage et aller à l'état 68
    FOR     décalage et aller à l'état 69
    WHILE   décalage et aller à l'état 70
    IF      décalage et aller à l'état 71

    $défaut  réduction par utilisation de la règle 32 (Instructions)

    Instructions  aller à l'état 196
    Calcul        aller à l'état 73
    Binding       aller à l'état 74


État 189

   24 Instructions: IF O_PAREN Comparison C_PAREN O_ACCOL Instructions C_ACCOL . Else

    ELSE  décalage et aller à l'état 197

    $défaut  réduction par utilisation de la règle 35 (Else)

    Else  aller à l'état 198


État 190

   28 Instructions: DO O_ACCOL Instructions C_ACCOL WHILE O_PAREN Comparison C_PAREN . S_COLON Instructions

    S_COLON  décalage et aller à l'état 199


État 191

   46 IncrementeDecremente: ID PLUS . PLUS
   48                     | ID PLUS . EQUAL Calcul

    PLUS   décalage et aller à l'état 200
    EQUAL  décalage et aller à l'état 201


État 192

   47 IncrementeDecremente: ID MINUS . MINUS
   49                     | ID MINUS . EQUAL Calcul

    MINUS  décalage et aller à l'état 202
    EQUAL  décalage et aller à l'état 203


État 193

   50 IncrementeDecremente: ID TIMES . EQUAL Calcul

    EQUAL  décalage et aller à l'état 204


État 194

   51 IncrementeDecremente: ID DIV . EQUAL Calcul

    EQUAL  décalage et aller à l'état 205


État 195

   29 Instructions: FOR O_PAREN Binding S_COLON Comparison S_COLON IncrementeDecremente C_PAREN . O_ACCOL Instructions C_ACCOL Instructions

    O_ACCOL  décalage et aller à l'état 206


État 196

   27 Instructions: WHILE O_PAREN Comparison O_PAREN O_ACCOL Instructions C_ACCOL Instructions .

    $défaut  réduction par utilisation de la règle 27 (Instructions)


État 197

   33 Else: ELSE . IF O_PAREN Comparison C_PAREN O_ACCOL Instructions C_ACCOL Else
   34     | ELSE . O_ACCOL Instructions C_ACCOL

    O_ACCOL  décalage et aller à l'état 207
    IF       décalage et aller à l'état 208


État 198

   24 Instructions: IF O_PAREN Comparison C_PAREN O_ACCOL Instructions C_ACCOL Else .

    $défaut  réduction par utilisation de la règle 24 (Instructions)


État 199

   28 Instructions: DO O_ACCOL Instructions C_ACCOL WHILE O_PAREN Comparison C_PAREN S_COLON . Instructions

    NUMBER  décalage et aller à l'état 65
    ID      décalage et aller à l'état 66
    SOP     décalage et aller à l'état 67
    DO      décalage et aller à l'état 68
    FOR     décalage et aller à l'état 69
    WHILE   décalage et aller à l'état 70
    IF      décalage et aller à l'état 71

    $défaut  réduction par utilisation de la règle 32 (Instructions)

    Instructions  aller à l'état 209
    Calcul        aller à l'état 73
    Binding       aller à l'état 74


État 200

   46 IncrementeDecremente: ID PLUS PLUS .

    $défaut  réduction par utilisation de la règle 46 (IncrementeDecremente)


État 201

   48 IncrementeDecremente: ID PLUS EQUAL . Calcul

    NUMBER  décalage et aller à l'état 65
    ID      décalage et aller à l'état 107

    Calcul  aller à l'état 210


État 202

   47 IncrementeDecremente: ID MINUS MINUS .

    $défaut  réduction par utilisation de la règle 47 (IncrementeDecremente)


État 203

   49 IncrementeDecremente: ID MINUS EQUAL . Calcul

    NUMBER  décalage et aller à l'état 65
    ID      décalage et aller à l'état 107

    Calcul  aller à l'état 211


État 204

   50 IncrementeDecremente: ID TIMES EQUAL . Calcul

    NUMBER  décalage et aller à l'état 65
    ID      décalage et aller à l'état 107

    Calcul  aller à l'état 212


État 205

   51 IncrementeDecremente: ID DIV EQUAL . Calcul

    NUMBER  décalage et aller à l'état 65
    ID      décalage et aller à l'état 107

    Calcul  aller à l'état 213


État 206

   29 Instructions: FOR O_PAREN Binding S_COLON Comparison S_COLON IncrementeDecremente C_PAREN O_ACCOL . Instructions C_ACCOL Instructions

    NUMBER  décalage et aller à l'état 65
    ID      décalage et aller à l'état 66
    SOP     décalage et aller à l'état 67
    DO      décalage et aller à l'état 68
    FOR     décalage et aller à l'état 69
    WHILE   décalage et aller à l'état 70
    IF      décalage et aller à l'état 71

    $défaut  réduction par utilisation de la règle 32 (Instructions)

    Instructions  aller à l'état 214
    Calcul        aller à l'état 73
    Binding       aller à l'état 74


État 207

   34 Else: ELSE O_ACCOL . Instructions C_ACCOL

    NUMBER  décalage et aller à l'état 65
    ID      décalage et aller à l'état 66
    SOP     décalage et aller à l'état 67
    DO      décalage et aller à l'état 68
    FOR     décalage et aller à l'état 69
    WHILE   décalage et aller à l'état 70
    IF      décalage et aller à l'état 71

    $défaut  réduction par utilisation de la règle 32 (Instructions)

    Instructions  aller à l'état 215
    Calcul        aller à l'état 73
    Binding       aller à l'état 74


État 208

   33 Else: ELSE IF . O_PAREN Comparison C_PAREN O_ACCOL Instructions C_ACCOL Else

    O_PAREN  décalage et aller à l'état 216


État 209

   28 Instructions: DO O_ACCOL Instructions C_ACCOL WHILE O_PAREN Comparison C_PAREN S_COLON Instructions .

    $défaut  réduction par utilisation de la règle 28 (Instructions)


État 210

   48 IncrementeDecremente: ID PLUS EQUAL Calcul .

    $défaut  réduction par utilisation de la règle 48 (IncrementeDecremente)


État 211

   49 IncrementeDecremente: ID MINUS EQUAL Calcul .

    $défaut  réduction par utilisation de la règle 49 (IncrementeDecremente)


État 212

   50 IncrementeDecremente: ID TIMES EQUAL Calcul .

    $défaut  réduction par utilisation de la règle 50 (IncrementeDecremente)


État 213

   51 IncrementeDecremente: ID DIV EQUAL Calcul .

    $défaut  réduction par utilisation de la règle 51 (IncrementeDecremente)


État 214

   29 Instructions: FOR O_PAREN Binding S_COLON Comparison S_COLON IncrementeDecremente C_PAREN O_ACCOL Instructions . C_ACCOL Instructions

    C_ACCOL  décalage et aller à l'état 217


État 215

   34 Else: ELSE O_ACCOL Instructions . C_ACCOL

    C_ACCOL  décalage et aller à l'état 218


État 216

   33 Else: ELSE IF O_PAREN . Comparison C_PAREN O_ACCOL Instructions C_ACCOL Else

    NUMBER     décalage et aller à l'état 65
    ID         décalage et aller à l'état 107
    BOOL_VALS  décalage et aller à l'état 127
    NOT        décalage et aller à l'état 128

    Calcul      aller à l'état 129
    Comparison  aller à l'état 219
    Statement   aller à l'état 131


État 217

   29 Instructions: FOR O_PAREN Binding S_COLON Comparison S_COLON IncrementeDecremente C_PAREN O_ACCOL Instructions C_ACCOL . Instructions

    NUMBER  décalage et aller à l'état 65
    ID      décalage et aller à l'état 66
    SOP     décalage et aller à l'état 67
    DO      décalage et aller à l'état 68
    FOR     décalage et aller à l'état 69
    WHILE   décalage et aller à l'état 70
    IF      décalage et aller à l'état 71

    $défaut  réduction par utilisation de la règle 32 (Instructions)

    Instructions  aller à l'état 220
    Calcul        aller à l'état 73
    Binding       aller à l'état 74


État 218

   34 Else: ELSE O_ACCOL Instructions C_ACCOL .

    $défaut  réduction par utilisation de la règle 34 (Else)


État 219

   33 Else: ELSE IF O_PAREN Comparison . C_PAREN O_ACCOL Instructions C_ACCOL Else

    C_PAREN  décalage et aller à l'état 221


État 220

   29 Instructions: FOR O_PAREN Binding S_COLON Comparison S_COLON IncrementeDecremente C_PAREN O_ACCOL Instructions C_ACCOL Instructions .

    $défaut  réduction par utilisation de la règle 29 (Instructions)


État 221

   33 Else: ELSE IF O_PAREN Comparison C_PAREN . O_ACCOL Instructions C_ACCOL Else

    O_ACCOL  décalage et aller à l'état 222


État 222

   33 Else: ELSE IF O_PAREN Comparison C_PAREN O_ACCOL . Instructions C_ACCOL Else

    NUMBER  décalage et aller à l'état 65
    ID      décalage et aller à l'état 66
    SOP     décalage et aller à l'état 67
    DO      décalage et aller à l'état 68
    FOR     décalage et aller à l'état 69
    WHILE   décalage et aller à l'état 70
    IF      décalage et aller à l'état 71

    $défaut  réduction par utilisation de la règle 32 (Instructions)

    Instructions  aller à l'état 223
    Calcul        aller à l'état 73
    Binding       aller à l'état 74


État 223

   33 Else: ELSE IF O_PAREN Comparison C_PAREN O_ACCOL Instructions . C_ACCOL Else

    C_ACCOL  décalage et aller à l'état 224


État 224

   33 Else: ELSE IF O_PAREN Comparison C_PAREN O_ACCOL Instructions C_ACCOL . Else

    ELSE  décalage et aller à l'état 197

    $défaut  réduction par utilisation de la règle 35 (Else)

    Else  aller à l'état 225


État 225

   33 Else: ELSE IF O_PAREN Comparison C_PAREN O_ACCOL Instructions C_ACCOL Else .

    $défaut  réduction par utilisation de la règle 33 (Else)
